<?xml version="1.0" encoding="UTF-8"?>
<!-- Generated by org.testng.reporters.JUnitXMLReporter -->
<testsuite hostname="Macbooks-MacBook-Pro.local" ignored="0" name="Default test" tests="3" failures="0" timestamp="08 May 2020 18:30:27 GMT" time="10.864" errors="0">
  <testcase name="verifyGooglePage" time="2.366" classname="package1.Test_BefM_AftM"/>
  <testcase name="verifyIntelliipatPage" time="1.381" classname="package1.Test_BefM_AftM"/>
  <testcase name="verifyFacebookPage" time="2.705" classname="package1.Test_BefM_AftM"/>
</testsuite> <!-- Default test -->
