<?xml version="1.0" encoding="UTF-8"?>
<!-- Generated by org.testng.reporters.JUnitReportReporter -->
<testsuite name="package2.Test_MultipleMethods2Priority" tests="5" time="12.068" ignored="0" failures="1" timestamp="08 May 2020 23:03:02 GMT" skipped="0" hostname="Macbooks-MacBook-Pro.local" errors="0">
  <testcase name="waitTime" time="1.003" classname="package2.Test_MultipleMethods2Priority"/>
  <testcase name="teardown" time="0.149" classname="package2.Test_MultipleMethods2Priority"/>
  <testcase name="verifyFacebookTitle" time="0.048" classname="package2.Test_MultipleMethods2Priority">
    <failure type="java.lang.AssertionError" message="expected [Anj-Facebook - Log In or Sign Up] but found [Facebook - Log In or Sign Up]">
      <![CDATA[java.lang.AssertionError: expected [Anj-Facebook - Log In or Sign Up] but found [Facebook - Log In or Sign Up]
	at org.testng.Assert.fail(Assert.java:94)
	at org.testng.Assert.failNotEquals(Assert.java:513)
	at org.testng.Assert.assertEqualsImpl(Assert.java:135)
	at org.testng.Assert.assertEquals(Assert.java:116)
	at org.testng.Assert.assertEquals(Assert.java:190)
	at org.testng.Assert.assertEquals(Assert.java:200)
	at package2.Test_MultipleMethods2Priority.verifyFacebookTitle(Test_MultipleMethods2Priority.java:55)
	at sun.reflect.NativeMethodAccessorImpl.invoke0(Native Method)
	at sun.reflect.NativeMethodAccessorImpl.invoke(NativeMethodAccessorImpl.java:62)
	at sun.reflect.DelegatingMethodAccessorImpl.invoke(DelegatingMethodAccessorImpl.java:43)
	at java.lang.reflect.Method.invoke(Method.java:498)
	at org.testng.internal.MethodInvocationHelper.invokeMethod(MethodInvocationHelper.java:104)
	at org.testng.internal.Invoker.invokeMethod(Invoker.java:645)
	at org.testng.internal.Invoker.invokeTestMethod(Invoker.java:851)
	at org.testng.internal.Invoker.invokeTestMethods(Invoker.java:1177)
	at org.testng.internal.TestMethodWorker.invokeTestMethods(TestMethodWorker.java:129)
	at org.testng.internal.TestMethodWorker.run(TestMethodWorker.java:112)
	at java.util.concurrent.ThreadPoolExecutor.runWorker(ThreadPoolExecutor.java:1149)
	at java.util.concurrent.ThreadPoolExecutor$Worker.run(ThreadPoolExecutor.java:624)
	at java.lang.Thread.run(Thread.java:748)
]]>
    </failure>
  </testcase> <!-- verifyFacebookTitle -->
  <testcase name="passURL" time="8.219" classname="package2.Test_MultipleMethods2Priority"/>
  <testcase name="launch" time="2.649" classname="package2.Test_MultipleMethods2Priority"/>
</testsuite> <!-- package2.Test_MultipleMethods2Priority -->
