<?xml version="1.0" encoding="UTF-8"?>
<testng-results skipped="0" failed="0" ignored="0" total="1" passed="1">
  <reporter-output>
  </reporter-output>
  <suite name="Suite" duration-ms="27631" started-at="2020-05-17T13:17:03Z" finished-at="2020-05-17T13:17:31Z">
    <groups>
    </groups>
    <test name="Test" duration-ms="27631" started-at="2020-05-17T13:17:03Z" finished-at="2020-05-17T13:17:31Z">
      <class name="allClassFilesHere.Test1_Sikuli3">
        <test-method status="PASS" signature="handlefileUpload()[pri:0, instance:allClassFilesHere.Test1_Sikuli3@6c3708b3]" name="handlefileUpload" duration-ms="27596" started-at="2020-05-17T13:17:03Z" finished-at="2020-05-17T13:17:31Z">
          <reporter-output>
          </reporter-output>
        </test-method> <!-- handlefileUpload -->
      </class> <!-- allClassFilesHere.Test1_Sikuli3 -->
    </test> <!-- Test -->
  </suite> <!-- Suite -->
</testng-results>
