<?xml version="1.0" encoding="UTF-8"?>
<testng-results skipped="0" failed="1" ignored="0" total="1" passed="0">
  <reporter-output>
  </reporter-output>
  <suite name="Suite" duration-ms="34666" started-at="2020-05-15T23:51:49Z" finished-at="2020-05-15T23:52:24Z">
    <groups>
    </groups>
    <test name="Test" duration-ms="34666" started-at="2020-05-15T23:51:49Z" finished-at="2020-05-15T23:52:24Z">
      <class name="allClassfilehere.Test1_Sikuli1">
        <test-method status="FAIL" signature="handlefileUpload()[pri:0, instance:allClassfilehere.Test1_Sikuli1@731a74c]" name="handlefileUpload" duration-ms="34589" started-at="2020-05-15T23:51:49Z" finished-at="2020-05-15T23:52:24Z">
          <exception class="org.sikuli.script.FindFailed">
            <message>
              <![CDATA[Region: doFind: Image not loadable: \Users\nayyar\Desktop\Selenium_java\workspace1\sikuiliproject\src\sikuili_locators\Click_ChooseFile.png]]>
            </message>
            <full-stacktrace>
              <![CDATA[FindFailed: Region: doFind: Image not loadable: \Users\nayyar\Desktop\Selenium_java\workspace1\sikuiliproject\src\sikuili_locators\Click_ChooseFile.png
  Line 2535, in file Region.java

at org.sikuli.script.Region.wait(Region.java:2535)
at org.sikuli.script.Region.find(Region.java:2205)
at org.sikuli.script.Region.getLocationFromTarget(Region.java:3067)
at org.sikuli.script.Region.click(Region.java:3534)
at org.sikuli.script.Region.click(Region.java:3519)
at allClassfilehere.Test1_Sikuli1.handlefileUpload(Test1_Sikuli1.java:28)
at sun.reflect.NativeMethodAccessorImpl.invoke0(Native Method)
at sun.reflect.NativeMethodAccessorImpl.invoke(NativeMethodAccessorImpl.java:62)
at sun.reflect.DelegatingMethodAccessorImpl.invoke(DelegatingMethodAccessorImpl.java:43)
at java.lang.reflect.Method.invoke(Method.java:498)
at org.testng.internal.MethodInvocationHelper.invokeMethod(MethodInvocationHelper.java:124)
at org.testng.internal.Invoker.invokeMethod(Invoker.java:583)
at org.testng.internal.Invoker.invokeTestMethod(Invoker.java:719)
at org.testng.internal.Invoker.invokeTestMethods(Invoker.java:989)
at org.testng.internal.TestMethodWorker.invokeTestMethods(TestMethodWorker.java:125)
at org.testng.internal.TestMethodWorker.run(TestMethodWorker.java:109)
at org.testng.TestRunner.privateRun(TestRunner.java:648)
at org.testng.TestRunner.run(TestRunner.java:505)
at org.testng.SuiteRunner.runTest(SuiteRunner.java:455)
at org.testng.SuiteRunner.runSequentially(SuiteRunner.java:450)
at org.testng.SuiteRunner.privateRun(SuiteRunner.java:415)
at org.testng.SuiteRunner.run(SuiteRunner.java:364)
at org.testng.SuiteRunnerWorker.runSuite(SuiteRunnerWorker.java:52)
at org.testng.SuiteRunnerWorker.run(SuiteRunnerWorker.java:84)
at org.testng.TestNG.runSuitesSequentially(TestNG.java:1208)
at org.testng.TestNG.runSuitesLocally(TestNG.java:1137)
at org.testng.TestNG.runSuites(TestNG.java:1049)
at org.testng.TestNG.run(TestNG.java:1017)
at org.apache.maven.surefire.testng.TestNGExecutor.run(TestNGExecutor.java:281)
at org.apache.maven.surefire.testng.TestNGXmlTestSuite.execute(TestNGXmlTestSuite.java:75)
at org.apache.maven.surefire.testng.TestNGProvider.invoke(TestNGProvider.java:121)
at org.apache.maven.surefire.booter.ForkedBooter.invokeProviderInSameClassLoader(ForkedBooter.java:290)
at org.apache.maven.surefire.booter.ForkedBooter.runSuitesInProcess(ForkedBooter.java:242)
at org.apache.maven.surefire.booter.ForkedBooter.main(ForkedBooter.java:121)
]]>
            </full-stacktrace>
          </exception> <!-- org.sikuli.script.FindFailed -->
          <reporter-output>
          </reporter-output>
        </test-method> <!-- handlefileUpload -->
      </class> <!-- allClassfilehere.Test1_Sikuli1 -->
    </test> <!-- Test -->
  </suite> <!-- Suite -->
</testng-results>
