<?xml version="1.0" encoding="UTF-8"?>
<!-- Generated by org.testng.reporters.JUnitXMLReporter -->
<testsuite hostname="Ss-iMac.local" ignored="0" name="Test" tests="1" failures="1" timestamp="15 May 2020 23:52:24 GMT" time="34.666" errors="0">
  <testcase name="handlefileUpload" time="34.589" classname="allClassfilehere.Test1_Sikuli1">
    <failure type="org.sikuli.script.FindFailed" message="Region: doFind: Image not loadable: \Users\nayyar\Desktop\Selenium_java\workspace1\sikuiliproject\src\sikuili_locators\Click_ChooseFile.png">
      <![CDATA[FindFailed: Region: doFind: Image not loadable: \Users\nayyar\Desktop\Selenium_java\workspace1\sikuiliproject\src\sikuili_locators\Click_ChooseFile.png
  Line 2535, in file Region.java

at org.sikuli.script.Region.wait(Region.java:2535)
at org.sikuli.script.Region.find(Region.java:2205)
at org.sikuli.script.Region.getLocationFromTarget(Region.java:3067)
at org.sikuli.script.Region.click(Region.java:3534)
at org.sikuli.script.Region.click(Region.java:3519)
at allClassfilehere.Test1_Sikuli1.handlefileUpload(Test1_Sikuli1.java:28)
... Removed 28 stack frames]]>
    </failure>
  </testcase> <!-- handlefileUpload -->
</testsuite> <!-- Test -->
